<?xml version="1.0" encoding="UTF-8" ?>
<testsuite errors="1" failures="0" hostname="DESKTOP-0VQVV5G" name="valoresTest" skipped="0" tests="1" time="0.0" timestamp="2019-06-01T14:46:50">
  <properties>
[...]
</properties>
  <error message="valoresTest (wrong name: ValoresTest)" type="java.lang.NoClassDefFoundError">java.lang.NoClassDefFoundError: valoresTest (wrong name: ValoresTest)
	at java.lang.ClassLoader.defineClass1(Native Method)
	at java.lang.ClassLoader.defineClass(ClassLoader.java:763)
	at java.lang.ClassLoader.loadClass(ClassLoader.java:357)
	at java.lang.Class.forName0(Native Method)
	at java.lang.Class.forName(Class.java:348)
	at org.eclipse.ant.internal.launching.remote.EclipseDefaultExecutor.executeTargets(EclipseDefaultExecutor.java:36)
	at org.eclipse.ant.internal.launching.remote.InternalAntRunner.run(InternalAntRunner.java:460)
	at org.eclipse.ant.internal.launching.remote.InternalAntRunner.main(InternalAntRunner.java:142)
</error>
  <system-out><![CDATA[]]></system-out>
  <system-err><![CDATA[]]></system-err>
</testsuite>
